{
  "stats": {
    "suites": 1,
    "tests": 6,
    "passes": 6,
    "pending": 0,
    "failures": 0,
    "start": "2025-09-06T06:00:43.880Z",
    "end": "2025-09-06T06:00:48.425Z",
    "duration": 4545,
    "testsRegistered": 6,
    "passPercent": 100,
    "pendingPercent": 0,
    "other": 0,
    "hasOther": false,
    "skipped": 0,
    "hasSkipped": false
  },
  "results": [
    {
      "uuid": "0c4772c7-93ce-40cd-a8cd-0be4402aa692",
      "title": "",
      "fullFile": "D:\\SQA\\Tugas\\Web Automation\\saucedemo-automate\\tests\\system-test-login.js",
      "file": "\\tests\\system-test-login.js",
      "beforeHooks": [],
      "afterHooks": [],
      "tests": [],
      "suites": [
        {
          "uuid": "6980a6ea-333f-4f18-ba2e-659eecb92f94",
          "title": "System Testing SauceDemo",
          "fullFile": "D:\\SQA\\Tugas\\Web Automation\\saucedemo-automate\\tests\\system-test-login.js",
          "file": "\\tests\\system-test-login.js",
          "beforeHooks": [
            {
              "title": "\"before all\" hook in \"System Testing SauceDemo\"",
              "fullTitle": "System Testing SauceDemo \"before all\" hook in \"System Testing SauceDemo\"",
              "timedOut": false,
              "duration": 614,
              "state": null,
              "speed": null,
              "pass": false,
              "fail": false,
              "pending": false,
              "context": null,
              "code": "driver = await new Builder()\n    .forBrowser('chrome')\n    .setChromeOptions(new chrome.Options().addArguments('--incognito'))\n    .build();\n\nloginPage = new LoginPage(driver);\nproductsPage = new ProductsPage(driver);\ncartPage = new CartPage(driver);",
              "err": {},
              "uuid": "c312890a-46b2-4762-8449-eeb21a27f9c8",
              "parentUUID": "6980a6ea-333f-4f18-ba2e-659eecb92f94",
              "isHook": true,
              "skipped": false
            }
          ],
          "afterHooks": [
            {
              "title": "\"after all\" hook in \"System Testing SauceDemo\"",
              "fullTitle": "System Testing SauceDemo \"after all\" hook in \"System Testing SauceDemo\"",
              "timedOut": false,
              "duration": 71,
              "state": null,
              "speed": null,
              "pass": false,
              "fail": false,
              "pending": false,
              "context": null,
              "code": "await driver.quit();",
              "err": {},
              "uuid": "72b67c72-aee5-4a78-9815-f42988fd32ab",
              "parentUUID": "6980a6ea-333f-4f18-ba2e-659eecb92f94",
              "isHook": true,
              "skipped": false
            }
          ],
          "tests": [
            {
              "title": "Login sukses dengan akun valid",
              "fullTitle": "System Testing SauceDemo Login sukses dengan akun valid",
              "timedOut": false,
              "duration": 1772,
              "state": "passed",
              "speed": "slow",
              "pass": true,
              "fail": false,
              "pending": false,
              "context": null,
              "code": "await loginPage.open();\nawait loginPage.login('standard_user', 'secret_sauce');\nconst isProductsLoaded = await productsPage.isLoaded();\nassert.strictEqual(isProductsLoaded, true, 'Halaman produk tidak muncul setelah login');",
              "err": {},
              "uuid": "6b75c8bd-991a-4f32-963b-08ff6a1685e3",
              "parentUUID": "6980a6ea-333f-4f18-ba2e-659eecb92f94",
              "isHook": false,
              "skipped": false
            },
            {
              "title": "Login gagal dengan akun invalid",
              "fullTitle": "System Testing SauceDemo Login gagal dengan akun invalid",
              "timedOut": false,
              "duration": 234,
              "state": "passed",
              "speed": "slow",
              "pass": true,
              "fail": false,
              "pending": false,
              "context": null,
              "code": "await loginPage.open();\nawait loginPage.login('invalid_user', 'wrong_password');\n// Verifikasi muncul error message\nconst errorMsg = await loginPage.getErrorMessage();\nassert.strictEqual(errorMsg.includes('Username and password do not match'), true, 'Error message tidak muncul');",
              "err": {},
              "uuid": "32a419bb-25b1-49f9-8d59-31a10d483c52",
              "parentUUID": "6980a6ea-333f-4f18-ba2e-659eecb92f94",
              "isHook": false,
              "skipped": false
            },
            {
              "title": "Tambah dan hapus produk di cart",
              "fullTitle": "System Testing SauceDemo Tambah dan hapus produk di cart",
              "timedOut": false,
              "duration": 275,
              "state": "passed",
              "speed": "slow",
              "pass": true,
              "fail": false,
              "pending": false,
              "context": null,
              "code": "await loginPage.open();\nawait loginPage.login('standard_user', 'secret_sauce');\n// Tambah produk pertama\nawait productsPage.addFirstProductToCart();\nlet cartCount = await productsPage.getCartCount();\nassert.strictEqual(cartCount, '1', 'Produk tidak muncul di cart');\n// Hapus produk\nawait productsPage.removeFirstProductFromCart();\ncartCount = await productsPage.getCartCount();\nassert.strictEqual(cartCount, '0', 'Produk masih ada setelah dihapus');",
              "err": {},
              "uuid": "b0635971-7c77-4e3e-a2d3-aeab5e7ecb32",
              "parentUUID": "6980a6ea-333f-4f18-ba2e-659eecb92f94",
              "isHook": false,
              "skipped": false
            },
            {
              "title": "Checkout sukses dengan input valid",
              "fullTitle": "System Testing SauceDemo Checkout sukses dengan input valid",
              "timedOut": false,
              "duration": 620,
              "state": "passed",
              "speed": "slow",
              "pass": true,
              "fail": false,
              "pending": false,
              "context": null,
              "code": "await loginPage.open();\nawait loginPage.login('standard_user', 'secret_sauce');\n// Tambah produk ke cart\nawait productsPage.addFirstProductToCart();\nawait productsPage.goToCart();\nconst isCartLoaded = await cartPage.isLoaded();\nassert.strictEqual(isCartLoaded, true, 'Halaman cart tidak terbuka');\nconst checkoutStarted = await cartPage.startCheckout();\nassert.strictEqual(checkoutStarted, true, 'Halaman checkout tidak muncul');\n// Isi form checkout\nconst checkoutCompleted = await cartPage.fillCheckoutForm('John', 'Doe', '12345');\nassert.strictEqual(checkoutCompleted, true, 'Checkout tidak berhasil');",
              "err": {},
              "uuid": "1913fded-e3d8-48b2-80e4-1b8a4b636e9b",
              "parentUUID": "6980a6ea-333f-4f18-ba2e-659eecb92f94",
              "isHook": false,
              "skipped": false
            },
            {
              "title": "Checkout gagal dengan input kosong",
              "fullTitle": "System Testing SauceDemo Checkout gagal dengan input kosong",
              "timedOut": false,
              "duration": 436,
              "state": "passed",
              "speed": "slow",
              "pass": true,
              "fail": false,
              "pending": false,
              "context": null,
              "code": "await loginPage.open();\nawait loginPage.login('standard_user', 'secret_sauce');\nawait productsPage.addFirstProductToCart();\nawait productsPage.goToCart();\nawait cartPage.startCheckout();\n// Isi form kosong\nconst errorMsg = await cartPage.fillCheckoutForm('', '', '');\nassert.strictEqual(errorMsg.includes('Error'), true, 'Error message tidak muncul saat input kosong');",
              "err": {},
              "uuid": "d296eb60-c1fe-4eac-8116-93816259499c",
              "parentUUID": "6980a6ea-333f-4f18-ba2e-659eecb92f94",
              "isHook": false,
              "skipped": false
            },
            {
              "title": "Logout berhasil",
              "fullTitle": "System Testing SauceDemo Logout berhasil",
              "timedOut": false,
              "duration": 517,
              "state": "passed",
              "speed": "slow",
              "pass": true,
              "fail": false,
              "pending": false,
              "context": null,
              "code": "await loginPage.open();\nawait loginPage.login('standard_user', 'secret_sauce');\nawait productsPage.logout();\nconst isLoginPage = await loginPage.isLoaded();\nassert.strictEqual(isLoginPage, true, 'Logout gagal, halaman login tidak muncul');",
              "err": {},
              "uuid": "21961e09-940c-4a52-adc6-e536af919172",
              "parentUUID": "6980a6ea-333f-4f18-ba2e-659eecb92f94",
              "isHook": false,
              "skipped": false
            }
          ],
          "suites": [],
          "passes": [
            "6b75c8bd-991a-4f32-963b-08ff6a1685e3",
            "32a419bb-25b1-49f9-8d59-31a10d483c52",
            "b0635971-7c77-4e3e-a2d3-aeab5e7ecb32",
            "1913fded-e3d8-48b2-80e4-1b8a4b636e9b",
            "d296eb60-c1fe-4eac-8116-93816259499c",
            "21961e09-940c-4a52-adc6-e536af919172"
          ],
          "failures": [],
          "pending": [],
          "skipped": [],
          "duration": 3854,
          "root": false,
          "rootEmpty": false,
          "_timeout": 30000
        }
      ],
      "passes": [],
      "failures": [],
      "pending": [],
      "skipped": [],
      "duration": 0,
      "root": true,
      "rootEmpty": true,
      "_timeout": 60000
    }
  ],
  "meta": {
    "mocha": {
      "version": "10.8.2"
    },
    "mochawesome": {
      "options": {
        "quiet": false,
        "reportFilename": "mochawesome",
        "saveHtml": true,
        "saveJson": true,
        "consoleReporter": "spec",
        "useInlineDiffs": false,
        "code": true
      },
      "version": "7.1.3"
    },
    "marge": {
      "options": null,
      "version": "6.2.0"
    }
  }
}