{
  "stats": {
    "suites": 4,
    "tests": 4,
    "passes": 3,
    "pending": 0,
    "failures": 1,
    "start": "2025-07-01T13:08:32.971Z",
    "end": "2025-07-01T13:08:43.126Z",
    "duration": 10155,
    "testsRegistered": 4,
    "passPercent": 75,
    "pendingPercent": 0,
    "other": 0,
    "hasOther": false,
    "skipped": 0,
    "hasSkipped": false
  },
  "results": [
    {
      "uuid": "65854c14-cdbc-4975-a60a-905d9ca6345d",
      "title": "",
      "fullFile": "",
      "file": "",
      "beforeHooks": [],
      "afterHooks": [],
      "tests": [],
      "suites": [
        {
          "uuid": "cf1393c9-d920-413b-838b-d5ea8e1adf6c",
          "title": "Sukses Login SauceDemo",
          "fullFile": "C:\\Users\\izzar\\Videos\\web automation\\Sesi9_Ummu\\tests\\test-login.js",
          "file": "\\tests\\test-login.js",
          "beforeHooks": [
            {
              "title": "\"before all\" hook in \"Sukses Login SauceDemo\"",
              "fullTitle": "Sukses Login SauceDemo \"before all\" hook in \"Sukses Login SauceDemo\"",
              "timedOut": false,
              "duration": 889,
              "state": null,
              "speed": null,
              "pass": false,
              "fail": false,
              "pending": false,
              "context": null,
              "code": "const options = new chrome.Options();\noptions.addArguments(\"--incognito\");\ndriver = await new Builder().forBrowser('chrome').setChromeOptions(options).build();\nloginPage = new LoginPage(driver);",
              "err": {},
              "uuid": "7adf1be2-6ecd-4dfc-bd43-4b210b9dd46c",
              "parentUUID": "cf1393c9-d920-413b-838b-d5ea8e1adf6c",
              "isHook": true,
              "skipped": false
            }
          ],
          "afterHooks": [
            {
              "title": "\"after all\" hook in \"Sukses Login SauceDemo\"",
              "fullTitle": "Sukses Login SauceDemo \"after all\" hook in \"Sukses Login SauceDemo\"",
              "timedOut": false,
              "duration": 59,
              "state": null,
              "speed": null,
              "pass": false,
              "fail": false,
              "pending": false,
              "context": null,
              "code": "await driver.quit();",
              "err": {},
              "uuid": "eb9632fe-ceeb-4b25-91df-e413f0d2dba8",
              "parentUUID": "cf1393c9-d920-413b-838b-d5ea8e1adf6c",
              "isHook": true,
              "skipped": false
            }
          ],
          "tests": [
            {
              "title": "Harus bisa login dengan kredensial yang valid",
              "fullTitle": "Sukses Login SauceDemo Harus bisa login dengan kredensial yang valid",
              "timedOut": false,
              "duration": 1601,
              "state": "passed",
              "speed": "slow",
              "pass": true,
              "fail": false,
              "pending": false,
              "context": null,
              "code": "await loginPage.open();\nawait loginPage.login('standard_user', 'secret_sauce');\nconst cartButton = await loginPage.cartButton;\nawait driver.wait(until.elementIsVisible(cartButton), 10000);\nassert(await cartButton.isDisplayed(), 'Cart button tidak terlihat, login gagal');\nconst logoText = await (await loginPage.appLogo).getText();\nassert.strictEqual(logoText, 'Swag Labs', 'Logo teks tidak sesuai');",
              "err": {},
              "uuid": "63e47eae-a120-49f8-a438-859bb81f21e3",
              "parentUUID": "cf1393c9-d920-413b-838b-d5ea8e1adf6c",
              "isHook": false,
              "skipped": false
            }
          ],
          "suites": [],
          "passes": [
            "63e47eae-a120-49f8-a438-859bb81f21e3"
          ],
          "failures": [],
          "pending": [],
          "skipped": [],
          "duration": 1601,
          "root": false,
          "rootEmpty": false,
          "_timeout": 60000
        },
        {
          "uuid": "78332672-84e5-4770-b297-3b9ed3db5ed0",
          "title": "Sort Produk dari A-Z di SauceDemo",
          "fullFile": "C:\\Users\\izzar\\Videos\\web automation\\Sesi9_Ummu\\tests\\test-sort-produk.js",
          "file": "\\tests\\test-sort-produk.js",
          "beforeHooks": [
            {
              "title": "\"before all\" hook in \"Sort Produk dari A-Z di SauceDemo\"",
              "fullTitle": "Sort Produk dari A-Z di SauceDemo \"before all\" hook in \"Sort Produk dari A-Z di SauceDemo\"",
              "timedOut": false,
              "duration": 784,
              "state": null,
              "speed": null,
              "pass": false,
              "fail": false,
              "pending": false,
              "context": null,
              "code": "const options = new chrome.Options();\noptions.addArguments(\"--incognito\");\ndriver = await new Builder().forBrowser('chrome').setChromeOptions(options).build();\npage = new SortProdukPage(driver);",
              "err": {},
              "uuid": "725755c7-32f4-4030-9371-154595a61250",
              "parentUUID": "78332672-84e5-4770-b297-3b9ed3db5ed0",
              "isHook": true,
              "skipped": false
            }
          ],
          "afterHooks": [
            {
              "title": "\"after all\" hook in \"Sort Produk dari A-Z di SauceDemo\"",
              "fullTitle": "Sort Produk dari A-Z di SauceDemo \"after all\" hook in \"Sort Produk dari A-Z di SauceDemo\"",
              "timedOut": false,
              "duration": 59,
              "state": null,
              "speed": null,
              "pass": false,
              "fail": false,
              "pending": false,
              "context": null,
              "code": "await driver.quit();",
              "err": {},
              "uuid": "4c34c8a8-9786-4f33-beed-039ed0ce881d",
              "parentUUID": "78332672-84e5-4770-b297-3b9ed3db5ed0",
              "isHook": true,
              "skipped": false
            }
          ],
          "tests": [
            {
              "title": "Login dan sort produk dari A-Z",
              "fullTitle": "Sort Produk dari A-Z di SauceDemo Login dan sort produk dari A-Z",
              "timedOut": false,
              "duration": 2525,
              "state": "passed",
              "speed": "slow",
              "pass": true,
              "fail": false,
              "pending": false,
              "context": null,
              "code": "await page.open();\nawait page.login('standard_user', 'secret_sauce');\nawait page.waitForProductPage();\nawait page.sortByAZ();\nconst productNames = await page.getProductNames();\nconst sortedNames = [...productNames].sort();\nconsole.log(\"Produk tampil:\", productNames);\nconsole.log(\"Produk urut:\", sortedNames);\nassert.deepStrictEqual(productNames, sortedNames, 'Produk tidak terurut A-Z');",
              "err": {},
              "uuid": "4bf80b82-82d6-4771-b5e5-125e56479246",
              "parentUUID": "78332672-84e5-4770-b297-3b9ed3db5ed0",
              "isHook": false,
              "skipped": false
            }
          ],
          "suites": [],
          "passes": [
            "4bf80b82-82d6-4771-b5e5-125e56479246"
          ],
          "failures": [],
          "pending": [],
          "skipped": [],
          "duration": 2525,
          "root": false,
          "rootEmpty": false,
          "_timeout": 30000
        },
        {
          "uuid": "2e7176ad-2bec-4bf0-8101-99e020eacff6",
          "title": "Visual Testing Halaman Produk (Inventory) SauceDemo",
          "fullFile": "C:\\Users\\izzar\\Videos\\web automation\\Sesi9_Ummu\\tests\\test-visual-inventory.js",
          "file": "\\tests\\test-visual-inventory.js",
          "beforeHooks": [
            {
              "title": "\"before all\" hook in \"Visual Testing Halaman Produk (Inventory) SauceDemo\"",
              "fullTitle": "Visual Testing Halaman Produk (Inventory) SauceDemo \"before all\" hook in \"Visual Testing Halaman Produk (Inventory) SauceDemo\"",
              "timedOut": false,
              "duration": 704,
              "state": null,
              "speed": null,
              "pass": false,
              "fail": false,
              "pending": false,
              "context": null,
              "code": "const options = new chrome.Options();\noptions.addArguments(\"--incognito\");\noptions.addArguments(\"--headless=new\");\ndriver = await new Builder().forBrowser('chrome').setChromeOptions(options).build();",
              "err": {},
              "uuid": "7ae9cd2f-7a9e-45c3-b928-4d626d08efdf",
              "parentUUID": "2e7176ad-2bec-4bf0-8101-99e020eacff6",
              "isHook": true,
              "skipped": false
            }
          ],
          "afterHooks": [
            {
              "title": "\"after all\" hook in \"Visual Testing Halaman Produk (Inventory) SauceDemo\"",
              "fullTitle": "Visual Testing Halaman Produk (Inventory) SauceDemo \"after all\" hook in \"Visual Testing Halaman Produk (Inventory) SauceDemo\"",
              "timedOut": false,
              "duration": 46,
              "state": null,
              "speed": null,
              "pass": false,
              "fail": false,
              "pending": false,
              "context": null,
              "code": "await driver.quit();",
              "err": {},
              "uuid": "ccacfca3-9906-4b8b-94e4-5dfbfbe72c67",
              "parentUUID": "2e7176ad-2bec-4bf0-8101-99e020eacff6",
              "isHook": true,
              "skipped": false
            }
          ],
          "tests": [
            {
              "title": "Cek tampilan halaman produk",
              "fullTitle": "Visual Testing Halaman Produk (Inventory) SauceDemo Cek tampilan halaman produk",
              "timedOut": false,
              "duration": 1409,
              "state": "failed",
              "speed": null,
              "pass": false,
              "fail": true,
              "pending": false,
              "context": null,
              "code": "await driver.get('https://www.saucedemo.com');\n// Login terlebih dahulu\nawait driver.findElement(By.css('[data-test=\"username\"]')).sendKeys('problem_user');\nawait driver.findElement(By.css('[data-test=\"password\"]')).sendKeys('secret_sauce');\nawait driver.findElement(By.css('[data-test=\"login-button\"]')).click();\n// Tunggu sampai halaman inventory muncul\nawait driver.wait(until.urlContains('/inventory.html'), 10000);\nawait driver.wait(until.elementLocated(By.className('inventory_list')), 10000);\n// Ambil screenshot saat ini\nconst screenshot = await driver.takeScreenshot();\nconst imgBuffer = Buffer.from(screenshot, \"base64\");\nfs.writeFileSync(\"current_inventory.png\", imgBuffer);\nconst baselinePath = \"baseline_inventory.png\";\nif (!fs.existsSync(baselinePath)) {\n    fs.copyFileSync(\"current_inventory.png\", baselinePath);\n    console.log(\"Baseline inventory dibuat. Jalankan ulang test untuk perbandingan.\");\n    return;\n}\n// Baca dan bandingkan gambar\nconst img1 = PNG.sync.read(fs.readFileSync(baselinePath));\nconst img2 = PNG.sync.read(fs.readFileSync(\"current_inventory.png\"));\nconst { width, height } = img1;\nconst diff = new PNG({ width, height });\nconst numDiffPixels = pixelmatch(img1.data, img2.data, diff.data, width, height, {\n    threshold: 0.1,\n});\nfs.writeFileSync(\"diff_inventory.png\", PNG.sync.write(diff));\nconsole.log(`Perbedaan visual: ${numDiffPixels} piksel`);\nassert.strictEqual(numDiffPixels, 0, \"Visual inventory tidak cocok dengan baseline!\");",
              "err": {
                "message": "AssertionError: Visual inventory tidak cocok dengan baseline!\n\n23347 !== 0\n",
                "estack": "AssertionError [ERR_ASSERTION]: Visual inventory tidak cocok dengan baseline!\n\n23347 !== 0\n\n    at Context.<anonymous> (tests\\test-visual-inventory.js:62:16)\n    at process.processTicksAndRejections (node:internal/process/task_queues:105:5)",
                "diff": "- 23347\n+ 0\n"
              },
              "uuid": "038ffba3-9315-4aba-a5ae-3db817fb3841",
              "parentUUID": "2e7176ad-2bec-4bf0-8101-99e020eacff6",
              "isHook": false,
              "skipped": false
            }
          ],
          "suites": [],
          "passes": [],
          "failures": [
            "038ffba3-9315-4aba-a5ae-3db817fb3841"
          ],
          "pending": [],
          "skipped": [],
          "duration": 1409,
          "root": false,
          "rootEmpty": false,
          "_timeout": 30000
        },
        {
          "uuid": "9b9b7be3-f459-4c42-9f17-b644b658d978",
          "title": "Visual Testing Halaman Login SauceDemo",
          "fullFile": "C:\\Users\\izzar\\Videos\\web automation\\Sesi9_Ummu\\tests\\test-visual-login.js",
          "file": "\\tests\\test-visual-login.js",
          "beforeHooks": [
            {
              "title": "\"before all\" hook in \"Visual Testing Halaman Login SauceDemo\"",
              "fullTitle": "Visual Testing Halaman Login SauceDemo \"before all\" hook in \"Visual Testing Halaman Login SauceDemo\"",
              "timedOut": false,
              "duration": 759,
              "state": null,
              "speed": null,
              "pass": false,
              "fail": false,
              "pending": false,
              "context": null,
              "code": "const options = new chrome.Options();\noptions.addArguments(\"--incognito\");\noptions.addArguments(\"--headless=new\"); \ndriver = await new Builder().forBrowser('chrome').setChromeOptions(options).build();",
              "err": {},
              "uuid": "69d78a61-e437-4e7c-a23d-1a28d73ac1f9",
              "parentUUID": "9b9b7be3-f459-4c42-9f17-b644b658d978",
              "isHook": true,
              "skipped": false
            }
          ],
          "afterHooks": [
            {
              "title": "\"after all\" hook in \"Visual Testing Halaman Login SauceDemo\"",
              "fullTitle": "Visual Testing Halaman Login SauceDemo \"after all\" hook in \"Visual Testing Halaman Login SauceDemo\"",
              "timedOut": false,
              "duration": 34,
              "state": null,
              "speed": null,
              "pass": false,
              "fail": false,
              "pending": false,
              "context": null,
              "code": "await driver.quit();",
              "err": {},
              "uuid": "b1fed8ce-8547-4429-9151-4b91ec6ae5c3",
              "parentUUID": "9b9b7be3-f459-4c42-9f17-b644b658d978",
              "isHook": true,
              "skipped": false
            }
          ],
          "tests": [
            {
              "title": "Visit saucedemo dan cek page title",
              "fullTitle": "Visual Testing Halaman Login SauceDemo Visit saucedemo dan cek page title",
              "timedOut": false,
              "duration": 1272,
              "state": "passed",
              "speed": "slow",
              "pass": true,
              "fail": false,
              "pending": false,
              "context": null,
              "code": "await driver.get('https://www.saucedemo.com');\n// Ambil screenshot current\nconst screenshot = await driver.takeScreenshot();\nconst imgBuffer = Buffer.from(screenshot, \"base64\");\nfs.writeFileSync(\"current_login.png\", imgBuffer);\n// Cek dan buat baseline jika belum ada\nconst baselinePath = \"baseline_login.png\";\nif (!fs.existsSync(baselinePath)) {\n    fs.copyFileSync(\"current_login.png\", baselinePath);\n    console.log(\"Baseline image dibuat. Silakan jalankan ulang untuk verifikasi visual.\");\n    return;\n}\n// Baca image untuk dibandingkan\nconst img1 = PNG.sync.read(fs.readFileSync(baselinePath));\nconst img2 = PNG.sync.read(fs.readFileSync(\"current_login.png\"));\nconst { width, height } = img1;\nconst diff = new PNG({ width, height });\nconst numDiffPixels = pixelmatch(img1.data, img2.data, diff.data, width, height, {\n    threshold: 0.1\n});\nfs.writeFileSync(\"diff_login.png\", PNG.sync.write(diff));\nconsole.log(`Jumlah piksel berbeda: ${numDiffPixels}`);\nassert.strictEqual(numDiffPixels, 0, \"Visual tidak cocok dengan baseline.\");",
              "err": {},
              "uuid": "fca00348-5fcb-4db5-8b30-e89ce15951c3",
              "parentUUID": "9b9b7be3-f459-4c42-9f17-b644b658d978",
              "isHook": false,
              "skipped": false
            }
          ],
          "suites": [],
          "passes": [
            "fca00348-5fcb-4db5-8b30-e89ce15951c3"
          ],
          "failures": [],
          "pending": [],
          "skipped": [],
          "duration": 1272,
          "root": false,
          "rootEmpty": false,
          "_timeout": 20000
        }
      ],
      "passes": [],
      "failures": [],
      "pending": [],
      "skipped": [],
      "duration": 0,
      "root": true,
      "rootEmpty": true,
      "_timeout": 60000
    }
  ],
  "meta": {
    "mocha": {
      "version": "10.8.2"
    },
    "mochawesome": {
      "options": {
        "quiet": false,
        "reportFilename": "mochawesome",
        "saveHtml": true,
        "saveJson": true,
        "consoleReporter": "spec",
        "useInlineDiffs": false,
        "code": true
      },
      "version": "7.1.3"
    },
    "marge": {
      "options": null,
      "version": "6.2.0"
    }
  }
}